<?xml version="1.0" encoding="UTF-8" ?>
<testsuite tests="19" failures="1" name="com.documentosbrasileiros.documentos.cnpj.CNPJTest" time="0.028" errors="0" skipped="0">
  <properties>
[...]
</properties>
  <testcase classname="com.documentosbrasileiros.documentos.cnpj.CNPJTest" name="deveriaFalharCriarCnpjInvalidos" time="0.009"/>
  <testcase classname="com.documentosbrasileiros.documentos.cnpj.CNPJTest" name="deveriaFalharAoCriarCnpjComStringGrandeDemais" time="0"/>
  <testcase classname="com.documentosbrasileiros.documentos.cnpj.CNPJTest" name="deveriaFalharAoCriarCnpjComApenasUm" time="0"/>
  <testcase classname="com.documentosbrasileiros.documentos.cnpj.CNPJTest" name="deveriaCriarCnpjComLongIncompleta" time="0.013"/>
  <testcase classname="com.documentosbrasileiros.documentos.cnpj.CNPJTest" name="deveriaCriarCnpjValidos" time="0"/>
  <testcase classname="com.documentosbrasileiros.documentos.cnpj.CNPJTest" name="deveriaCriarCnpjComStringNaoFormatadaEIncompleta" time="0"/>
  <testcase classname="com.documentosbrasileiros.documentos.cnpj.CNPJTest" name="deveriaFalharAoCriarCnpjComApenasDois" time="0.001"/>
  <testcase classname="com.documentosbrasileiros.documentos.cnpj.CNPJTest" name="deveriaFalharAoCriarCnpjComApenasNove" time="0"/>
  <testcase classname="com.documentosbrasileiros.documentos.cnpj.CNPJTest" name="deveriaFalharAoCriarCnpjComApenasOito" time="0"/>
  <testcase classname="com.documentosbrasileiros.documentos.cnpj.CNPJTest" name="deveriaFalharAoCriarCnpjComApenasSeis" time="0"/>
  <testcase classname="com.documentosbrasileiros.documentos.cnpj.CNPJTest" name="deveriaFalharAoCriarCnpjComApenasSete" time="0"/>
  <testcase classname="com.documentosbrasileiros.documentos.cnpj.CNPJTest" name="deveriaFalharAoCriarCnpjComApenasTres" time="0"/>
  <testcase classname="com.documentosbrasileiros.documentos.cnpj.CNPJTest" name="deveriaFalharAoCriarCnpjComApenasZero" time="0.004">
    <failure message="Expected exception: com.documentosbrasileiros.documentos.cnpj.CNPJInvalidoException" type="java.lang.AssertionError">java.lang.AssertionError: Expected exception: com.documentosbrasileiros.documentos.cnpj.CNPJInvalidoException
	at org.junit.internal.runners.statements.ExpectException.evaluate(ExpectException.java:34)
	at org.junit.runners.ParentRunner$3.evaluate(ParentRunner.java:306)
	at org.junit.runners.BlockJUnit4ClassRunner$1.evaluate(BlockJUnit4ClassRunner.java:100)
	at org.junit.runners.ParentRunner.runLeaf(ParentRunner.java:366)
	at org.junit.runners.BlockJUnit4ClassRunner.runChild(BlockJUnit4ClassRunner.java:103)
	at org.junit.runners.BlockJUnit4ClassRunner.runChild(BlockJUnit4ClassRunner.java:63)
	at org.junit.runners.ParentRunner$4.run(ParentRunner.java:331)
	at org.junit.runners.ParentRunner$1.schedule(ParentRunner.java:79)
	at org.junit.runners.ParentRunner.runChildren(ParentRunner.java:329)
	at org.junit.runners.ParentRunner.access$100(ParentRunner.java:66)
	at org.junit.runners.ParentRunner$2.evaluate(ParentRunner.java:293)
	at org.junit.runners.ParentRunner$3.evaluate(ParentRunner.java:306)
	at org.junit.runners.ParentRunner.run(ParentRunner.java:413)
	at org.apache.maven.surefire.junit4.JUnit4Provider.execute(JUnit4Provider.java:252)
	at org.apache.maven.surefire.junit4.JUnit4Provider.executeTestSet(JUnit4Provider.java:141)
	at org.apache.maven.surefire.junit4.JUnit4Provider.invoke(JUnit4Provider.java:112)
	at java.base/jdk.internal.reflect.NativeMethodAccessorImpl.invoke0(Native Method)
	at java.base/jdk.internal.reflect.NativeMethodAccessorImpl.invoke(NativeMethodAccessorImpl.java:64)
	at java.base/jdk.internal.reflect.DelegatingMethodAccessorImpl.invoke(DelegatingMethodAccessorImpl.java:43)
	at java.base/java.lang.reflect.Method.invoke(Method.java:564)
	at org.apache.maven.surefire.util.ReflectionUtils.invokeMethodWithArray(ReflectionUtils.java:189)
	at org.apache.maven.surefire.booter.ProviderFactory$ProviderProxy.invoke(ProviderFactory.java:165)
	at org.apache.maven.surefire.booter.ProviderFactory.invokeProvider(ProviderFactory.java:85)
	at org.apache.maven.surefire.booter.ForkedBooter.runSuitesInProcess(ForkedBooter.java:115)
	at org.apache.maven.surefire.booter.ForkedBooter.main(ForkedBooter.java:75)
</failure>
  </testcase>
  <testcase classname="com.documentosbrasileiros.documentos.cnpj.CNPJTest" name="deveriaCriarCnpjComStringFormatadaECompleta" time="0"/>
  <testcase classname="com.documentosbrasileiros.documentos.cnpj.CNPJTest" name="deveriaFalharAoCriarCnpjComApenasQuatro" time="0"/>
  <testcase classname="com.documentosbrasileiros.documentos.cnpj.CNPJTest" name="deveriaFalharAoCriarCnpjComApenasCinco" time="0"/>
  <testcase classname="com.documentosbrasileiros.documentos.cnpj.CNPJTest" name="deveriaCriarCnpjComStringNaoFormatada" time="0"/>
  <testcase classname="com.documentosbrasileiros.documentos.cnpj.CNPJTest" name="deveriaFalharAoCriarCnpjComCaracteresForaDoPadrao" time="0.001"/>
  <testcase classname="com.documentosbrasileiros.documentos.cnpj.CNPJTest" name="deveriaFalharAoCriarCnpjComLongGrandeDemais" time="0"/>
</testsuite>