<?xml version="1.0" encoding="UTF-8" ?>
<testsuite tests="21" failures="0" name="com.documentosbrasileiros.documentos.cpf.CPFTest" time="0.023" errors="0" skipped="0">
  <properties>
[...]
</properties>
  <testcase classname="com.documentosbrasileiros.documentos.cpf.CPFTest" name="deveriaFalharCriarCpfInvalidos" time="0.016"/>
  <testcase classname="com.documentosbrasileiros.documentos.cpf.CPFTest" name="deveriaCriarCpfComStringNaoFormatadaEIncompleta" time="0"/>
  <testcase classname="com.documentosbrasileiros.documentos.cpf.CPFTest" name="deveriaFalharAoCriarCpfComApenasCinco" time="0.001"/>
  <testcase classname="com.documentosbrasileiros.documentos.cpf.CPFTest" name="deveriaFalharAoCriarCpfComLongGrandeDemais" time="0"/>
  <testcase classname="com.documentosbrasileiros.documentos.cpf.CPFTest" name="deveriaFalharAoCriarCpfComStringGrandeDemais" time="0"/>
  <testcase classname="com.documentosbrasileiros.documentos.cpf.CPFTest" name="deveriaCriarCpfComStringNaoFormatada" time="0.001"/>
  <testcase classname="com.documentosbrasileiros.documentos.cpf.CPFTest" name="deveriaFalharAoCriarCpfComCaracteresForaDoPadrao1" time="0"/>
  <testcase classname="com.documentosbrasileiros.documentos.cpf.CPFTest" name="deveriaFalharAoCriarCpfComCaracteresForaDoPadrao2" time="0.001"/>
  <testcase classname="com.documentosbrasileiros.documentos.cpf.CPFTest" name="deveriaFalharAoCriarCpfComCaracteresForaDoPadrao3" time="0"/>
  <testcase classname="com.documentosbrasileiros.documentos.cpf.CPFTest" name="deveriaFalharAoCriarCpfComApenasUm" time="0"/>
  <testcase classname="com.documentosbrasileiros.documentos.cpf.CPFTest" name="deveriaFalharAoCriarCpfComApenasDois" time="0.001"/>
  <testcase classname="com.documentosbrasileiros.documentos.cpf.CPFTest" name="deveriaFalharAoCriarCpfComApenasNove" time="0"/>
  <testcase classname="com.documentosbrasileiros.documentos.cpf.CPFTest" name="deveriaFalharAoCriarCpfComApenasOito" time="0"/>
  <testcase classname="com.documentosbrasileiros.documentos.cpf.CPFTest" name="deveriaFalharAoCriarCpfComApenasSeis" time="0.001"/>
  <testcase classname="com.documentosbrasileiros.documentos.cpf.CPFTest" name="deveriaFalharAoCriarCpfComApenasSete" time="0"/>
  <testcase classname="com.documentosbrasileiros.documentos.cpf.CPFTest" name="deveriaFalharAoCriarCpfComApenasTres" time="0.001"/>
  <testcase classname="com.documentosbrasileiros.documentos.cpf.CPFTest" name="deveriaFalharAoCriarCpfComApenasZero" time="0"/>
  <testcase classname="com.documentosbrasileiros.documentos.cpf.CPFTest" name="deveriaCriarCpfValidos" time="0"/>
  <testcase classname="com.documentosbrasileiros.documentos.cpf.CPFTest" name="deveriaFalharAoCriarCpfComApenasQuatro" time="0.001"/>
  <testcase classname="com.documentosbrasileiros.documentos.cpf.CPFTest" name="deveriaCriarCpfComLongIncompleta" time="0"/>
  <testcase classname="com.documentosbrasileiros.documentos.cpf.CPFTest" name="deveriaCriarCpfComStringFormatadaECompleta" time="0"/>
</testsuite>